{"C:\\Users\\algae\\dev\\tissue\\src\\boot\\check-auth.js": {"path":"C:\\Users\\algae\\dev\\tissue\\src\\boot\\check-auth.js","statementMap":{"0":{"start":{"line":5,"column":2},"end":{"line":5,"column":22}},"1":{"start":{"line":7,"column":2},"end":{"line":7,"column":22}},"2":{"start":{"line":8,"column":2},"end":{"line":8,"column":50}},"3":{"start":{"line":8,"column":44},"end":{"line":8,"column":50}},"4":{"start":{"line":9,"column":2},"end":{"line":26,"column":3}},"5":{"start":{"line":10,"column":22},"end":{"line":10,"column":58}},"6":{"start":{"line":11,"column":4},"end":{"line":25,"column":5}},"7":{"start":{"line":12,"column":6},"end":{"line":12,"column":40}},"8":{"start":{"line":13,"column":6},"end":{"line":13,"column":28}},"9":{"start":{"line":14,"column":23},"end":{"line":14,"column":62}},"10":{"start":{"line":15,"column":6},"end":{"line":19,"column":8}},"11":{"start":{"line":16,"column":8},"end":{"line":16,"column":43}},"12":{"start":{"line":17,"column":8},"end":{"line":17,"column":28}},"13":{"start":{"line":18,"column":8},"end":{"line":18,"column":24}},"14":{"start":{"line":22,"column":6},"end":{"line":22,"column":38}},"15":{"start":{"line":22,"column":32},"end":{"line":22,"column":38}},"16":{"start":{"line":23,"column":6},"end":{"line":23,"column":47}},"17":{"start":{"line":24,"column":6},"end":{"line":24,"column":30}}},"fnMap":{"0":{"name":"(anonymous_0)","decl":{"start":{"line":4,"column":15},"end":{"line":4,"column":16}},"loc":{"start":{"line":4,"column":63},"end":{"line":27,"column":1}},"line":4},"1":{"name":"(anonymous_1)","decl":{"start":{"line":15,"column":69},"end":{"line":15,"column":70}},"loc":{"start":{"line":15,"column":75},"end":{"line":19,"column":7}},"line":15}},"branchMap":{"0":{"loc":{"start":{"line":8,"column":2},"end":{"line":8,"column":50}},"type":"if","locations":[{"start":{"line":8,"column":2},"end":{"line":8,"column":50}},{"start":{"line":8,"column":2},"end":{"line":8,"column":50}}],"line":8},"1":{"loc":{"start":{"line":9,"column":2},"end":{"line":26,"column":3}},"type":"if","locations":[{"start":{"line":9,"column":2},"end":{"line":26,"column":3}},{"start":{"line":9,"column":2},"end":{"line":26,"column":3}}],"line":9},"2":{"loc":{"start":{"line":11,"column":4},"end":{"line":25,"column":5}},"type":"if","locations":[{"start":{"line":11,"column":4},"end":{"line":25,"column":5}},{"start":{"line":11,"column":4},"end":{"line":25,"column":5}}],"line":11},"3":{"loc":{"start":{"line":11,"column":8},"end":{"line":11,"column":73}},"type":"binary-expr","locations":[{"start":{"line":11,"column":8},"end":{"line":11,"column":31}},{"start":{"line":11,"column":35},"end":{"line":11,"column":53}},{"start":{"line":11,"column":57},"end":{"line":11,"column":73}}],"line":11},"4":{"loc":{"start":{"line":22,"column":6},"end":{"line":22,"column":38}},"type":"if","locations":[{"start":{"line":22,"column":6},"end":{"line":22,"column":38}},{"start":{"line":22,"column":6},"end":{"line":22,"column":38}}],"line":22}},"s":{"0":0,"1":0,"2":0,"3":0,"4":0,"5":0,"6":0,"7":0,"8":0,"9":0,"10":0,"11":0,"12":0,"13":0,"14":0,"15":0,"16":0,"17":0},"f":{"0":0,"1":0},"b":{"0":[0,0],"1":[0,0],"2":[0,0],"3":[0,0,0],"4":[0,0]},"hash":"b024ec73caa6f0aa8d639c6c400a973bf50f4e13"}
,"C:\\Users\\algae\\dev\\tissue\\src\\boot\\composition-api.ts": {"path":"C:\\Users\\algae\\dev\\tissue\\src\\boot\\composition-api.ts","statementMap":{"0":{"start":{"line":5,"column":2},"end":{"line":5,"column":28}}},"fnMap":{"0":{"name":"(anonymous_0)","decl":{"start":{"line":4,"column":20},"end":{"line":4,"column":21}},"loc":{"start":{"line":4,"column":33},"end":{"line":6,"column":1}},"line":4}},"branchMap":{},"s":{"0":0},"f":{"0":0},"b":{},"hash":"72da700b55c6b51b7e1f4da2a04b44a94f50a3bb"}
,"C:\\Users\\algae\\dev\\tissue\\src\\boot\\social-auth-provider.js": {"path":"C:\\Users\\algae\\dev\\tissue\\src\\boot\\social-auth-provider.js","statementMap":{"0":{"start":{"line":7,"column":0},"end":{"line":7,"column":24}},"1":{"start":{"line":8,"column":0},"end":{"line":20,"column":2}}},"fnMap":{"0":{"name":"(anonymous_0)","decl":{"start":{"line":24,"column":15},"end":{"line":24,"column":16}},"loc":{"start":{"line":24,"column":53},"end":{"line":26,"column":1}},"line":24}},"branchMap":{},"s":{"0":0,"1":0},"f":{"0":0},"b":{},"hash":"798520fe81ee4ee380660d98c18476c891aa5e71"}
,"C:\\Users\\algae\\dev\\tissue\\src\\i18n\\index.ts": {"path":"C:\\Users\\algae\\dev\\tissue\\src\\i18n\\index.ts","statementMap":{},"fnMap":{},"branchMap":{},"s":{},"f":{},"b":{},"hash":"cc1dbf0cc891050dee02e6e536558305d83690f6"}
,"C:\\Users\\algae\\dev\\tissue\\src\\i18n\\en-us\\index.ts": {"path":"C:\\Users\\algae\\dev\\tissue\\src\\i18n\\en-us\\index.ts","statementMap":{},"fnMap":{},"branchMap":{},"s":{},"f":{},"b":{},"hash":"76bcd936e273608a9e6bbed0a56c48ae0d55f22a"}
,"C:\\Users\\algae\\dev\\tissue\\src\\router\\index.ts": {"path":"C:\\Users\\algae\\dev\\tissue\\src\\router\\index.ts","statementMap":{"0":{"start":{"line":12,"column":2},"end":{"line":12,"column":20}},"1":{"start":{"line":14,"column":17},"end":{"line":23,"column":4}},"2":{"start":{"line":15,"column":27},"end":{"line":15,"column":41}},"3":{"start":{"line":25,"column":2},"end":{"line":25,"column":15}}},"fnMap":{"0":{"name":"(anonymous_0)","decl":{"start":{"line":11,"column":37},"end":{"line":11,"column":38}},"loc":{"start":{"line":11,"column":56},"end":{"line":26,"column":1}},"line":11},"1":{"name":"(anonymous_1)","decl":{"start":{"line":15,"column":20},"end":{"line":15,"column":21}},"loc":{"start":{"line":15,"column":27},"end":{"line":15,"column":41}},"line":15}},"branchMap":{},"s":{"0":0,"1":0,"2":0,"3":0},"f":{"0":0,"1":0},"b":{},"hash":"f08f362d3828e317e4e0f1aa84992de96e727e61"}
,"C:\\Users\\algae\\dev\\tissue\\src\\store\\user-module\\actions.js": {"path":"C:\\Users\\algae\\dev\\tissue\\src\\store\\user-module\\actions.js","statementMap":{"0":{"start":{"line":5,"column":2},"end":{"line":5,"column":30}},"1":{"start":{"line":8,"column":2},"end":{"line":8,"column":31}},"2":{"start":{"line":9,"column":20},"end":{"line":9,"column":56}},"3":{"start":{"line":10,"column":15},"end":{"line":10,"column":127}},"4":{"start":{"line":11,"column":2},"end":{"line":18,"column":6}},"5":{"start":{"line":13,"column":19},"end":{"line":13,"column":32}},"6":{"start":{"line":14,"column":6},"end":{"line":14,"column":33}},"7":{"start":{"line":15,"column":6},"end":{"line":15,"column":34}},"8":{"start":{"line":17,"column":6},"end":{"line":17,"column":31}},"9":{"start":{"line":21,"column":2},"end":{"line":21,"column":32}}},"fnMap":{"0":{"name":"storeUser","decl":{"start":{"line":4,"column":16},"end":{"line":4,"column":25}},"loc":{"start":{"line":4,"column":45},"end":{"line":6,"column":1}},"line":4},"1":{"name":"fetchUser","decl":{"start":{"line":7,"column":16},"end":{"line":7,"column":25}},"loc":{"start":{"line":7,"column":60},"end":{"line":19,"column":1}},"line":7},"2":{"name":"(anonymous_2)","decl":{"start":{"line":12,"column":10},"end":{"line":12,"column":11}},"loc":{"start":{"line":12,"column":22},"end":{"line":16,"column":5}},"line":12},"3":{"name":"(anonymous_3)","decl":{"start":{"line":16,"column":13},"end":{"line":16,"column":14}},"loc":{"start":{"line":16,"column":20},"end":{"line":18,"column":5}},"line":16},"4":{"name":"check","decl":{"start":{"line":20,"column":16},"end":{"line":20,"column":21}},"loc":{"start":{"line":20,"column":42},"end":{"line":22,"column":1}},"line":20}},"branchMap":{"0":{"loc":{"start":{"line":10,"column":15},"end":{"line":10,"column":127}},"type":"cond-expr","locations":[{"start":{"line":10,"column":38},"end":{"line":10,"column":120}},{"start":{"line":10,"column":123},"end":{"line":10,"column":127}}],"line":10}},"s":{"0":0,"1":0,"2":0,"3":0,"4":0,"5":0,"6":0,"7":0,"8":0,"9":0},"f":{"0":0,"1":0,"2":0,"3":0,"4":0},"b":{"0":[0,0]},"hash":"cb38c9b7483656d0ff3d59ae679edf0fffa73bb3"}
,"C:\\Users\\algae\\dev\\tissue\\src\\store\\user-module\\getters.js": {"path":"C:\\Users\\algae\\dev\\tissue\\src\\store\\user-module\\getters.js","statementMap":{"0":{"start":{"line":2,"column":2},"end":{"line":2,"column":19}},"1":{"start":{"line":5,"column":2},"end":{"line":5,"column":21}},"2":{"start":{"line":8,"column":2},"end":{"line":8,"column":21}}},"fnMap":{"0":{"name":"getUserState","decl":{"start":{"line":1,"column":16},"end":{"line":1,"column":28}},"loc":{"start":{"line":1,"column":37},"end":{"line":3,"column":1}},"line":1},"1":{"name":"isAuthenticated","decl":{"start":{"line":4,"column":16},"end":{"line":4,"column":31}},"loc":{"start":{"line":4,"column":40},"end":{"line":6,"column":1}},"line":4},"2":{"name":"isChecked","decl":{"start":{"line":7,"column":16},"end":{"line":7,"column":25}},"loc":{"start":{"line":7,"column":34},"end":{"line":9,"column":1}},"line":7}},"branchMap":{},"s":{"0":0,"1":0,"2":0},"f":{"0":0,"1":0,"2":0},"b":{},"hash":"9f0b85f2c704c266330c9e926223625f38c364b0"}
,"C:\\Users\\algae\\dev\\tissue\\src\\store\\user-module\\index.js": {"path":"C:\\Users\\algae\\dev\\tissue\\src\\store\\user-module\\index.js","statementMap":{},"fnMap":{},"branchMap":{},"s":{},"f":{},"b":{},"hash":"6c429375c74490179e7e5a722ca1470b2e8ccb25"}
,"C:\\Users\\algae\\dev\\tissue\\src\\store\\user-module\\mutations.js": {"path":"C:\\Users\\algae\\dev\\tissue\\src\\store\\user-module\\mutations.js","statementMap":{"0":{"start":{"line":2,"column":2},"end":{"line":2,"column":19}},"1":{"start":{"line":3,"column":2},"end":{"line":3,"column":23}},"2":{"start":{"line":6,"column":2},"end":{"line":6,"column":25}}},"fnMap":{"0":{"name":"setUserState","decl":{"start":{"line":1,"column":16},"end":{"line":1,"column":28}},"loc":{"start":{"line":1,"column":43},"end":{"line":4,"column":1}},"line":1},"1":{"name":"setCheckState","decl":{"start":{"line":5,"column":16},"end":{"line":5,"column":29}},"loc":{"start":{"line":5,"column":45},"end":{"line":7,"column":1}},"line":5}},"branchMap":{},"s":{"0":0,"1":0,"2":0},"f":{"0":0,"1":0},"b":{},"hash":"1f0e550bb89f2656befc1229db053bf8c9d09da7"}
,"C:\\Users\\algae\\dev\\tissue\\src\\store\\user-module\\state.js": {"path":"C:\\Users\\algae\\dev\\tissue\\src\\store\\user-module\\state.js","statementMap":{"0":{"start":{"line":2,"column":2},"end":{"line":6,"column":3}}},"fnMap":{"0":{"name":"(anonymous_0)","decl":{"start":{"line":1,"column":15},"end":{"line":1,"column":16}},"loc":{"start":{"line":1,"column":27},"end":{"line":7,"column":1}},"line":1}},"branchMap":{},"s":{"0":0},"f":{"0":0},"b":{},"hash":"3026b2607023b9bb50610edf2452b8297cd6aff4"}
}
