TN:
SF:C:\Users\algae\dev\tissue\src\boot\check-auth.js
FN:4,(anonymous_0)
FN:15,(anonymous_1)
FNF:2
FNH:0
FNDA:0,(anonymous_0)
FNDA:0,(anonymous_1)
DA:5,0
DA:7,0
DA:8,0
DA:9,0
DA:10,0
DA:11,0
DA:12,0
DA:13,0
DA:14,0
DA:15,0
DA:16,0
DA:17,0
DA:18,0
DA:22,0
DA:23,0
DA:24,0
LF:16
LH:0
BRDA:8,0,0,0
BRDA:8,0,1,0
BRDA:9,1,0,0
BRDA:9,1,1,0
BRDA:11,2,0,0
BRDA:11,2,1,0
BRDA:11,3,0,0
BRDA:11,3,1,0
BRDA:11,3,2,0
BRDA:22,4,0,0
BRDA:22,4,1,0
BRF:11
BRH:0
end_of_record
TN:
SF:C:\Users\algae\dev\tissue\src\boot\composition-api.ts
FN:4,(anonymous_0)
FNF:1
FNH:0
FNDA:0,(anonymous_0)
DA:5,0
LF:1
LH:0
BRF:0
BRH:0
end_of_record
TN:
SF:C:\Users\algae\dev\tissue\src\boot\social-auth-provider.js
FN:24,(anonymous_0)
FNF:1
FNH:0
FNDA:0,(anonymous_0)
DA:7,0
DA:8,0
LF:2
LH:0
BRF:0
BRH:0
end_of_record
TN:
SF:C:\Users\algae\dev\tissue\src\i18n\index.ts
FNF:0
FNH:0
LF:0
LH:0
BRF:0
BRH:0
end_of_record
TN:
SF:C:\Users\algae\dev\tissue\src\i18n\en-us\index.ts
FNF:0
FNH:0
LF:0
LH:0
BRF:0
BRH:0
end_of_record
TN:
SF:C:\Users\algae\dev\tissue\src\router\index.ts
FN:11,(anonymous_0)
FN:15,(anonymous_1)
FNF:2
FNH:0
FNDA:0,(anonymous_0)
FNDA:0,(anonymous_1)
DA:12,0
DA:14,0
DA:15,0
DA:25,0
LF:4
LH:0
BRF:0
BRH:0
end_of_record
TN:
SF:C:\Users\algae\dev\tissue\src\store\user-module\actions.js
FN:4,storeUser
FN:7,fetchUser
FN:12,(anonymous_2)
FN:16,(anonymous_3)
FN:20,check
FNF:5
FNH:0
FNDA:0,storeUser
FNDA:0,fetchUser
FNDA:0,(anonymous_2)
FNDA:0,(anonymous_3)
FNDA:0,check
DA:5,0
DA:8,0
DA:9,0
DA:10,0
DA:11,0
DA:13,0
DA:14,0
DA:15,0
DA:17,0
DA:21,0
LF:10
LH:0
BRDA:10,0,0,0
BRDA:10,0,1,0
BRF:2
BRH:0
end_of_record
TN:
SF:C:\Users\algae\dev\tissue\src\store\user-module\getters.js
FN:1,getUserState
FN:4,isAuthenticated
FN:7,isChecked
FNF:3
FNH:0
FNDA:0,getUserState
FNDA:0,isAuthenticated
FNDA:0,isChecked
DA:2,0
DA:5,0
DA:8,0
LF:3
LH:0
BRF:0
BRH:0
end_of_record
TN:
SF:C:\Users\algae\dev\tissue\src\store\user-module\index.js
FNF:0
FNH:0
LF:0
LH:0
BRF:0
BRH:0
end_of_record
TN:
SF:C:\Users\algae\dev\tissue\src\store\user-module\mutations.js
FN:1,setUserState
FN:5,setCheckState
FNF:2
FNH:0
FNDA:0,setUserState
FNDA:0,setCheckState
DA:2,0
DA:3,0
DA:6,0
LF:3
LH:0
BRF:0
BRH:0
end_of_record
TN:
SF:C:\Users\algae\dev\tissue\src\store\user-module\state.js
FN:1,(anonymous_0)
FNF:1
FNH:0
FNDA:0,(anonymous_0)
DA:2,0
LF:1
LH:0
BRF:0
BRH:0
end_of_record
